{
  "RSpec": {
    "coverage": {
      "/Users/nicohvi/Workspace/ruby/nplol/app/controllers/posts_controller.rb": [
        1,
        null,
        1,
        null,
        1,
        null,
        1,
        1,
        null,
        1,
        null,
        null,
        1,
        2,
        null,
        null,
        1,
        5,
        5,
        5,
        2,
        null,
        3,
        null,
        null,
        null,
        1,
        1,
        1,
        0,
        null,
        null,
        1,
        1,
        null,
        null,
        1,
        4,
        4,
        4,
        2,
        2,
        0,
        null,
        2,
        null,
        null,
        null,
        1,
        0,
        null,
        0,
        null,
        null,
        1,
        2,
        2,
        null,
        2,
        null,
        null,
        1,
        1,
        9,
        null,
        null,
        null,
        1,
        0,
        null,
        null,
        1,
        7,
        null,
        null,
        null
      ],
      "/Users/nicohvi/Workspace/ruby/nplol/app/controllers/application_controller.rb": [
        1,
        null,
        null,
        1,
        null,
        1,
        null,
        1,
        0,
        null,
        null,
        null,
        null,
        null,
        null,
        null,
        null,
        null
      ],
      "/Users/nicohvi/Workspace/ruby/nplol/app/models/post.rb": [
        1,
        1,
        null,
        null,
        null,
        1,
        null,
        1,
        null,
        1,
        1,
        null,
        1,
        null,
        1,
        0,
        0,
        null,
        null,
        null,
        1,
        5,
        null,
        null,
        1,
        0,
        null,
        null,
        1,
        1,
        null,
        null,
        1,
        33,
        null,
        null,
        null
      ],
      "/Users/nicohvi/Workspace/ruby/nplol/app/models/meme.rb": [
        1,
        1,
        null,
        1,
        1,
        null,
        null,
        null,
        null,
        1,
        0,
        null,
        null,
        null
      ],
      "/Users/nicohvi/Workspace/ruby/nplol/app/models/comment.rb": [
        1,
        1,
        null,
        1,
        null,
        null,
        1,
        null,
        null
      ],
      "/Users/nicohvi/Workspace/ruby/nplol/app/models/asset.rb": [
        1,
        null,
        1,
        1,
        null,
        1,
        null,
        null
      ]
    },
    "timestamp": 1387463407
  }
}
